<?xml version="1.0" encoding="UTF-8"?>
<!-- Generated by org.testng.reporters.JUnitXMLReporter -->
<testsuite ignored="8" hostname="Aarush" failures="0" tests="10" name="Test" time="0.154" errors="0" timestamp="2024-04-19T17:47:23 IST">
  <testcase classname="ProjectTestCases.Login" name="@BeforeTest beforeTest" time="-1.713529043675E9">
    <failure type="org.testng.TestNGException" message="
Parameter &amp;apos;Browser&amp;apos; is required by BeforeTest on method beforeTest but has not been marked @Optional or defined
in C:\Users\deepu\git\MaxfestEnterprise_ProjectAutomation\MaxfestEnterprise_ProjectAutomation\testngParallel.xml">
      <![CDATA[org.testng.TestNGException: 
Parameter 'Browser' is required by BeforeTest on method beforeTest but has not been marked @Optional or defined
in C:\Users\deepu\git\MaxfestEnterprise_ProjectAutomation\MaxfestEnterprise_ProjectAutomation\testngParallel.xml
... Removed 21 stack frames]]>
    </failure>
  </testcase> <!-- @BeforeTest beforeTest -->
  <testcase classname="ProjectTestCases.Product" name="@BeforeTest beforeTest" time="0.0">
    <skipped/>
  </testcase> <!-- @BeforeTest beforeTest -->
  <testcase classname="ProjectTestCases.Unit" name="@BeforeTest beforeTest" time="0.0">
    <skipped/>
  </testcase> <!-- @BeforeTest beforeTest -->
  <testcase classname="ProjectTestCases.Brand" name="@AfterTest afterTest" time="0.0">
    <skipped/>
  </testcase> <!-- @AfterTest afterTest -->
  <testcase classname="ProjectTestCases.Category" name="@AfterTest afterTest" time="0.0">
    <skipped/>
  </testcase> <!-- @AfterTest afterTest -->
  <testcase classname="ProjectTestCases.Product" name="@AfterTest afterTest" time="0.0">
    <skipped/>
  </testcase> <!-- @AfterTest afterTest -->
  <testcase classname="ProjectTestCases.Unit" name="@AfterTest afterTest" time="0.0">
    <skipped/>
  </testcase> <!-- @AfterTest afterTest -->
  <testcase classname="ProjectTestCases.Category" name="addCategory" time="0.001">
    <skipped/>
  </testcase> <!-- addCategory -->
  <testcase classname="ProjectTestCases.Product" name="addProduct" time="0.0">
    <skipped/>
  </testcase> <!-- addProduct -->
  <testcase classname="ProjectTestCases.Login" name="invalidLogin" time="0.001">
    <skipped/>
  </testcase> <!-- invalidLogin -->
  <testcase classname="ProjectTestCases.Unit" name="addUnit" time="0.0">
    <skipped/>
  </testcase> <!-- addUnit -->
  <testcase classname="ProjectTestCases.Login" name="validLogin" time="0.0">
    <skipped/>
  </testcase> <!-- validLogin -->
  <testcase classname="ProjectTestCases.Product" name="searchProduct" time="0.0">
    <skipped/>
  </testcase> <!-- searchProduct -->
  <testcase classname="ProjectTestCases.Unit" name="searchUnit" time="0.0">
    <skipped/>
  </testcase> <!-- searchUnit -->
  <testcase classname="ProjectTestCases.Brand" name="addBrand" time="0.0">
    <skipped/>
  </testcase> <!-- addBrand -->
  <testcase classname="ProjectTestCases.Brand" name="searchBrand" time="0.0">
    <skipped/>
  </testcase> <!-- searchBrand -->
  <testcase classname="ProjectTestCases.Category" name="searchCategory" time="0.0">
    <skipped/>
  </testcase> <!-- searchCategory -->
  <testcase classname="ExtendReport.ExtentTestManager" name="@BeforeSuite extendreportgenerate" time="0.0">
    <ignored/>
  </testcase> <!-- @BeforeSuite extendreportgenerate -->
  <testcase classname="ExtendReport.ExtentTestManager" name="@AfterSuite closereport" time="0.0">
    <ignored/>
  </testcase> <!-- @AfterSuite closereport -->
  <testcase classname="ExtendReport.ExtentTestManager" name="@BeforeSuite extendreportgenerate" time="0.0">
    <ignored/>
  </testcase> <!-- @BeforeSuite extendreportgenerate -->
  <testcase classname="ExtendReport.ExtentTestManager" name="@BeforeSuite extendreportgenerate" time="0.0">
    <ignored/>
  </testcase> <!-- @BeforeSuite extendreportgenerate -->
  <testcase classname="ExtendReport.ExtentTestManager" name="@AfterSuite closereport" time="0.0">
    <ignored/>
  </testcase> <!-- @AfterSuite closereport -->
  <testcase classname="ExtendReport.ExtentTestManager" name="@AfterSuite closereport" time="0.0">
    <ignored/>
  </testcase> <!-- @AfterSuite closereport -->
  <testcase classname="ExtendReport.ExtentTestManager" name="@BeforeSuite extendreportgenerate" time="0.0">
    <ignored/>
  </testcase> <!-- @BeforeSuite extendreportgenerate -->
  <testcase classname="ExtendReport.ExtentTestManager" name="@AfterSuite closereport" time="0.0">
    <ignored/>
  </testcase> <!-- @AfterSuite closereport -->
</testsuite> <!-- Test -->
