<?xml version="1.0" encoding="UTF-8"?>
<testng-results ignored="0" total="10" passed="9" failed="1" skipped="0">
  <reporter-output>
  </reporter-output>
  <suite started-at="2024-04-15T19:28:53 IST" name="Suite" finished-at="2024-04-15T19:30:50 IST" duration-ms="117389">
    <groups>
    </groups>
    <test started-at="2024-04-15T19:28:53 IST" name="Test" finished-at="2024-04-15T19:30:50 IST" duration-ms="117389">
      <class name="ProjectTestCases.Login">
        <test-method is-config="true" signature="extendreportgenerate()[pri:0, instance:ProjectTestCases.Login@3590fc5b]" started-at="2024-04-15T19:28:52 IST" name="extendreportgenerate" finished-at="2024-04-15T19:28:53 IST" duration-ms="207" status="PASS">
          <reporter-output>
          </reporter-output>
        </test-method> <!-- extendreportgenerate -->
        <test-method is-config="true" signature="beforeTest(java.lang.String,java.lang.String)[pri:0, instance:ProjectTestCases.Login@3590fc5b]" started-at="2024-04-15T19:28:53 IST" name="beforeTest" finished-at="2024-04-15T19:29:05 IST" duration-ms="12178" status="PASS">
          <params>
            <param index="0">
              <value>
                <![CDATA[Chrome]]>
              </value>
            </param>
            <param index="1">
              <value>
                <![CDATA[https://qalegend.com/billing/public/home]]>
              </value>
            </param>
          </params>
          <reporter-output>
          </reporter-output>
        </test-method> <!-- beforeTest -->
        <test-method signature="invalidLogin(java.lang.String,java.lang.String)[pri:1, instance:ProjectTestCases.Login@3590fc5b]" started-at="2024-04-15T19:29:05 IST" name="invalidLogin" description="Verify that user is not able to login with invalid credentials" data-provider="data-provider" finished-at="2024-04-15T19:29:07 IST" duration-ms="1730" status="PASS">
          <params>
            <param index="0">
              <value>
                <![CDATA[admin]]>
              </value>
            </param>
            <param index="1">
              <value>
                <![CDATA[123456A]]>
              </value>
            </param>
          </params>
          <reporter-output>
          </reporter-output>
        </test-method> <!-- invalidLogin -->
        <test-method signature="validLogin()[pri:2, instance:ProjectTestCases.Login@3590fc5b]" started-at="2024-04-15T19:29:07 IST" name="validLogin" description="Verify that user is able to login with valid credentials" finished-at="2024-04-15T19:29:13 IST" duration-ms="6034" status="PASS">
          <reporter-output>
          </reporter-output>
        </test-method> <!-- validLogin -->
        <test-method is-config="true" signature="afterTest()[pri:0, instance:ProjectTestCases.Login@3590fc5b]" started-at="2024-04-15T19:30:50 IST" name="afterTest" finished-at="2024-04-15T19:30:50 IST" duration-ms="0" status="PASS">
          <reporter-output>
          </reporter-output>
        </test-method> <!-- afterTest -->
        <test-method is-config="true" signature="closereport()[pri:0, instance:ProjectTestCases.Login@3590fc5b]" started-at="2024-04-15T19:30:50 IST" name="closereport" finished-at="2024-04-15T19:30:50 IST" duration-ms="409" status="PASS">
          <reporter-output>
          </reporter-output>
        </test-method> <!-- closereport -->
      </class> <!-- ProjectTestCases.Login -->
      <class name="ProjectTestCases.Category">
        <test-method is-config="true" signature="beforeTest()[pri:0, instance:ProjectTestCases.Category@2d3379b4]" started-at="2024-04-15T19:28:53 IST" name="beforeTest" finished-at="2024-04-15T19:28:53 IST" duration-ms="1" status="PASS">
          <reporter-output>
          </reporter-output>
        </test-method> <!-- beforeTest -->
        <test-method signature="addCategory()[pri:5, instance:ProjectTestCases.Category@2d3379b4]" started-at="2024-04-15T19:29:13 IST" name="addCategory" description="Verify that user is able to add Category" finished-at="2024-04-15T19:29:32 IST" duration-ms="19310" status="PASS">
          <reporter-output>
          </reporter-output>
        </test-method> <!-- addCategory -->
        <test-method signature="searchCategory()[pri:6, instance:ProjectTestCases.Category@2d3379b4]" started-at="2024-04-15T19:29:32 IST" name="searchCategory" description="Verify that user is able to search Category" finished-at="2024-04-15T19:29:49 IST" duration-ms="17267" status="FAIL">
          <exception class="org.openqa.selenium.NoSuchElementException">
            <message>
              <![CDATA[no such element: Unable to locate element: {"method":"xpath","selector":"//table[@id="category_table"]/tbody/tr[1]/td[1]"}
  (Session info: chrome=123.0.6312.107)
For documentation on this error, please visit: https://www.selenium.dev/documentation/webdriver/troubleshooting/errors#no-such-element-exception
Build info: version: '4.17.0', revision: 'e52b1be057*'
System info: os.name: 'Windows 11', os.arch: 'amd64', os.version: '10.0', java.version: '17.0.9'
Driver info: org.openqa.selenium.chrome.ChromeDriver
Command: [557ffbfb838c23d9845c28ab0a8a8fd4, findElement {using=xpath, value=//table[@id="category_table"]/tbody/tr[1]/td[1]}]
Capabilities {acceptInsecureCerts: false, browserName: chrome, browserVersion: 123.0.6312.107, chrome: {chromedriverVersion: 123.0.6312.122 (31f8248cdd9..., userDataDir: C:\Users\deepu\AppData\Loca...}, fedcm:accounts: true, goog:chromeOptions: {debuggerAddress: localhost:53790}, networkConnectionEnabled: false, pageLoadStrategy: normal, platformName: windows, proxy: Proxy(), se:cdp: ws://localhost:53790/devtoo..., se:cdpVersion: 123.0.6312.107, setWindowRect: true, strictFileInteractability: false, timeouts: {implicit: 0, pageLoad: 300000, script: 30000}, unhandledPromptBehavior: dismiss and notify, webauthn:extension:credBlob: true, webauthn:extension:largeBlob: true, webauthn:extension:minPinLength: true, webauthn:extension:prf: true, webauthn:virtualAuthenticators: true}
Session ID: 557ffbfb838c23d9845c28ab0a8a8fd4]]>
            </message>
            <full-stacktrace>
              <![CDATA[org.openqa.selenium.NoSuchElementException: no such element: Unable to locate element: {"method":"xpath","selector":"//table[@id="category_table"]/tbody/tr[1]/td[1]"}
  (Session info: chrome=123.0.6312.107)
For documentation on this error, please visit: https://www.selenium.dev/documentation/webdriver/troubleshooting/errors#no-such-element-exception
Build info: version: '4.17.0', revision: 'e52b1be057*'
System info: os.name: 'Windows 11', os.arch: 'amd64', os.version: '10.0', java.version: '17.0.9'
Driver info: org.openqa.selenium.chrome.ChromeDriver
Command: [557ffbfb838c23d9845c28ab0a8a8fd4, findElement {using=xpath, value=//table[@id="category_table"]/tbody/tr[1]/td[1]}]
Capabilities {acceptInsecureCerts: false, browserName: chrome, browserVersion: 123.0.6312.107, chrome: {chromedriverVersion: 123.0.6312.122 (31f8248cdd9..., userDataDir: C:\Users\deepu\AppData\Loca...}, fedcm:accounts: true, goog:chromeOptions: {debuggerAddress: localhost:53790}, networkConnectionEnabled: false, pageLoadStrategy: normal, platformName: windows, proxy: Proxy(), se:cdp: ws://localhost:53790/devtoo..., se:cdpVersion: 123.0.6312.107, setWindowRect: true, strictFileInteractability: false, timeouts: {implicit: 0, pageLoad: 300000, script: 30000}, unhandledPromptBehavior: dismiss and notify, webauthn:extension:credBlob: true, webauthn:extension:largeBlob: true, webauthn:extension:minPinLength: true, webauthn:extension:prf: true, webauthn:virtualAuthenticators: true}
Session ID: 557ffbfb838c23d9845c28ab0a8a8fd4
at java.base/jdk.internal.reflect.NativeConstructorAccessorImpl.newInstance0(Native Method)
at java.base/jdk.internal.reflect.NativeConstructorAccessorImpl.newInstance(NativeConstructorAccessorImpl.java:77)
at java.base/jdk.internal.reflect.DelegatingConstructorAccessorImpl.newInstance(DelegatingConstructorAccessorImpl.java:45)
at java.base/java.lang.reflect.Constructor.newInstanceWithCaller(Constructor.java:499)
at java.base/java.lang.reflect.Constructor.newInstance(Constructor.java:480)
at org.openqa.selenium.remote.codec.w3c.W3CHttpResponseCodec.createException(W3CHttpResponseCodec.java:185)
at org.openqa.selenium.remote.codec.w3c.W3CHttpResponseCodec.decode(W3CHttpResponseCodec.java:134)
at org.openqa.selenium.remote.codec.w3c.W3CHttpResponseCodec.decode(W3CHttpResponseCodec.java:51)
at org.openqa.selenium.remote.HttpCommandExecutor.execute(HttpCommandExecutor.java:190)
at org.openqa.selenium.remote.service.DriverCommandExecutor.invokeExecute(DriverCommandExecutor.java:216)
at org.openqa.selenium.remote.service.DriverCommandExecutor.execute(DriverCommandExecutor.java:174)
at org.openqa.selenium.remote.RemoteWebDriver.execute(RemoteWebDriver.java:519)
at org.openqa.selenium.remote.ElementLocation$ElementFinder$2.findElement(ElementLocation.java:165)
at org.openqa.selenium.remote.ElementLocation.findElement(ElementLocation.java:59)
at org.openqa.selenium.remote.RemoteWebDriver.findElement(RemoteWebDriver.java:356)
at org.openqa.selenium.remote.RemoteWebDriver.findElement(RemoteWebDriver.java:350)
at org.openqa.selenium.support.pagefactory.DefaultElementLocator.findElement(DefaultElementLocator.java:68)
at org.openqa.selenium.support.pagefactory.internal.LocatingElementHandler.invoke(LocatingElementHandler.java:38)
at jdk.proxy2/jdk.proxy2.$Proxy18.getText(Unknown Source)
at POM.PomSearch.getTextCategoryTable(PomSearch.java:82)
at ProjectTestCases.Category.searchCategory(Category.java:66)
at java.base/jdk.internal.reflect.NativeMethodAccessorImpl.invoke0(Native Method)
at java.base/jdk.internal.reflect.NativeMethodAccessorImpl.invoke(NativeMethodAccessorImpl.java:77)
at java.base/jdk.internal.reflect.DelegatingMethodAccessorImpl.invoke(DelegatingMethodAccessorImpl.java:43)
at java.base/java.lang.reflect.Method.invoke(Method.java:568)
at org.testng.internal.invokers.MethodInvocationHelper.invokeMethod(MethodInvocationHelper.java:139)
at org.testng.internal.invokers.TestInvoker.invokeMethod(TestInvoker.java:664)
at org.testng.internal.invokers.TestInvoker.invokeTestMethod(TestInvoker.java:228)
at org.testng.internal.invokers.MethodRunner.runInSequence(MethodRunner.java:63)
at org.testng.internal.invokers.TestInvoker$MethodInvocationAgent.invoke(TestInvoker.java:961)
at org.testng.internal.invokers.TestInvoker.invokeTestMethods(TestInvoker.java:201)
at org.testng.internal.invokers.TestMethodWorker.invokeTestMethods(TestMethodWorker.java:148)
at org.testng.internal.invokers.TestMethodWorker.run(TestMethodWorker.java:128)
at java.base/java.util.concurrent.Executors$RunnableAdapter.call(Executors.java:539)
at java.base/java.util.concurrent.FutureTask.run(FutureTask.java:264)
at org.testng.internal.thread.graph.TestNGFutureTask.run(TestNGFutureTask.java:22)
at java.base/java.util.concurrent.ThreadPoolExecutor.runWorker(ThreadPoolExecutor.java:1136)
at java.base/java.util.concurrent.ThreadPoolExecutor$Worker.run(ThreadPoolExecutor.java:635)
at java.base/java.lang.Thread.run(Thread.java:842)
]]>
            </full-stacktrace>
          </exception> <!-- org.openqa.selenium.NoSuchElementException -->
          <reporter-output>
          </reporter-output>
        </test-method> <!-- searchCategory -->
        <test-method is-config="true" signature="afterTest()[pri:0, instance:ProjectTestCases.Category@2d3379b4]" started-at="2024-04-15T19:30:50 IST" name="afterTest" finished-at="2024-04-15T19:30:50 IST" duration-ms="2" status="PASS">
          <reporter-output>
          </reporter-output>
        </test-method> <!-- afterTest -->
      </class> <!-- ProjectTestCases.Category -->
      <class name="ProjectTestCases.Product">
        <test-method is-config="true" signature="beforeTest()[pri:0, instance:ProjectTestCases.Product@5e0e82ae]" started-at="2024-04-15T19:29:05 IST" name="beforeTest" finished-at="2024-04-15T19:29:05 IST" duration-ms="0" status="PASS">
          <reporter-output>
          </reporter-output>
        </test-method> <!-- beforeTest -->
        <test-method signature="addProduct()[pri:9, instance:ProjectTestCases.Product@5e0e82ae]" started-at="2024-04-15T19:29:49 IST" name="addProduct" description="Verify that user is able to navigate to Product UI" finished-at="2024-04-15T19:30:35 IST" duration-ms="45296" status="PASS">
          <reporter-output>
          </reporter-output>
        </test-method> <!-- addProduct -->
        <test-method signature="searchProduct()[pri:10, instance:ProjectTestCases.Product@5e0e82ae]" started-at="2024-04-15T19:30:35 IST" name="searchProduct" description="Verify that user is able to search Product" finished-at="2024-04-15T19:30:50 IST" duration-ms="15251" status="PASS">
          <reporter-output>
          </reporter-output>
        </test-method> <!-- searchProduct -->
        <test-method is-config="true" signature="afterTest()[pri:0, instance:ProjectTestCases.Product@5e0e82ae]" started-at="2024-04-15T19:30:50 IST" name="afterTest" finished-at="2024-04-15T19:30:50 IST" duration-ms="156" status="PASS">
          <reporter-output>
          </reporter-output>
        </test-method> <!-- afterTest -->
      </class> <!-- ProjectTestCases.Product -->
      <class name="ProjectTestCases.Brand">
        <test-method is-config="true" signature="beforeTest()[pri:0, instance:ProjectTestCases.Brand@618b19ad]" started-at="2024-04-15T19:28:53 IST" name="beforeTest" finished-at="2024-04-15T19:28:53 IST" duration-ms="4" status="PASS">
          <reporter-output>
          </reporter-output>
        </test-method> <!-- beforeTest -->
        <test-method signature="addBrand()[pri:3, instance:ProjectTestCases.Brand@618b19ad]" started-at="2024-04-15T19:29:05 IST" name="addBrand" description="Verify that user is able to add Brand" finished-at="2024-04-15T19:29:19 IST" duration-ms="14553" status="PASS">
          <reporter-output>
          </reporter-output>
        </test-method> <!-- addBrand -->
        <test-method signature="searchBrand()[pri:4, instance:ProjectTestCases.Brand@618b19ad]" started-at="2024-04-15T19:29:19 IST" name="searchBrand" description="Verify that user is able to search a Brand" finished-at="2024-04-15T19:29:25 IST" duration-ms="5177" status="PASS">
          <reporter-output>
          </reporter-output>
        </test-method> <!-- searchBrand -->
        <test-method is-config="true" signature="afterTest()[pri:0, instance:ProjectTestCases.Brand@618b19ad]" started-at="2024-04-15T19:30:50 IST" name="afterTest" finished-at="2024-04-15T19:30:50 IST" duration-ms="0" status="PASS">
          <reporter-output>
          </reporter-output>
        </test-method> <!-- afterTest -->
      </class> <!-- ProjectTestCases.Brand -->
      <class name="ProjectTestCases.Unit">
        <test-method is-config="true" signature="beforeTest()[pri:0, instance:ProjectTestCases.Unit@30c15d8b]" started-at="2024-04-15T19:29:05 IST" name="beforeTest" finished-at="2024-04-15T19:29:05 IST" duration-ms="1" status="PASS">
          <reporter-output>
          </reporter-output>
        </test-method> <!-- beforeTest -->
        <test-method signature="addUnit()[pri:7, instance:ProjectTestCases.Unit@30c15d8b]" started-at="2024-04-15T19:29:25 IST" name="addUnit" description="Verify that user is able to add Unit" finished-at="2024-04-15T19:29:43 IST" duration-ms="17994" status="PASS">
          <reporter-output>
          </reporter-output>
        </test-method> <!-- addUnit -->
        <test-method signature="searchUnit()[pri:8, instance:ProjectTestCases.Unit@30c15d8b]" started-at="2024-04-15T19:29:43 IST" name="searchUnit" description="Verify that user is able to search Unit" finished-at="2024-04-15T19:29:59 IST" duration-ms="16205" status="PASS">
          <reporter-output>
          </reporter-output>
        </test-method> <!-- searchUnit -->
        <test-method is-config="true" signature="afterTest()[pri:0, instance:ProjectTestCases.Unit@30c15d8b]" started-at="2024-04-15T19:30:50 IST" name="afterTest" finished-at="2024-04-15T19:30:50 IST" duration-ms="0" status="PASS">
          <reporter-output>
          </reporter-output>
        </test-method> <!-- afterTest -->
      </class> <!-- ProjectTestCases.Unit -->
    </test> <!-- Test -->
  </suite> <!-- Suite -->
</testng-results>
